[debug] [2022-06-05T04:55:26.560Z] ----------------------------------------------------------------------
[debug] [2022-06-05T04:55:26.563Z] Command:       C:\Program Files\nodejs\node.exe C:\Users\Bruno\AppData\Roaming\npm\node_modules\firebase-tools\lib\bin\firebase.js init
[debug] [2022-06-05T04:55:26.564Z] CLI Version:   10.9.2
[debug] [2022-06-05T04:55:26.564Z] Platform:      win32
[debug] [2022-06-05T04:55:26.564Z] Node Version:  v14.17.6
[debug] [2022-06-05T04:55:26.574Z] Time:          Sun Jun 05 2022 01:55:26 GMT-0300 (hora estándar de Argentina)
[debug] [2022-06-05T04:55:26.575Z] ----------------------------------------------------------------------
[debug] 
[debug] [2022-06-05T04:55:26.579Z] >>> [apiv2][query] GET https://firebase-public.firebaseio.com/cli.json [none]
[debug] [2022-06-05T04:55:26.628Z] > command requires scopes: ["email","openid","https://www.googleapis.com/auth/cloudplatformprojects.readonly","https://www.googleapis.com/auth/firebase","https://www.googleapis.com/auth/cloud-platform"]
[debug] [2022-06-05T04:55:26.628Z] > authorizing via signed-in user (brunogoffredo22@gmail.com)
[info] 
     ######## #### ########  ######## ########     ###     ######  ########
     ##        ##  ##     ## ##       ##     ##  ##   ##  ##       ##
     ######    ##  ########  ######   ########  #########  ######  ######
     ##        ##  ##    ##  ##       ##     ## ##     ##       ## ##
     ##       #### ##     ## ######## ########  ##     ##  ######  ########

You're about to initialize a Firebase project in this directory:

  D:\Facultad\Laboratorio IV\Segunda Cursada\Clinica\clinica

[debug] [2022-06-05T04:55:27.121Z] <<< [apiv2][status] GET https://firebase-public.firebaseio.com/cli.json 200
[debug] [2022-06-05T04:55:27.122Z] <<< [apiv2][body] GET https://firebase-public.firebaseio.com/cli.json {"cloudBuildErrorAfter":1594252800000,"cloudBuildWarnAfter":1590019200000,"defaultNode10After":1594252800000,"minVersion":"3.0.5","node8DeploysDisabledAfter":1613390400000,"node8RuntimeDisabledAfter":1615809600000,"node8WarnAfter":1600128000000}
